<?xml version="1.0" encoding="UTF-8"?>
<testsuite xmlns:xsi="http://www.w3.org/2001/XMLSchema-instance" xsi:noNamespaceSchemaLocation="https://maven.apache.org/surefire/maven-surefire-plugin/xsd/surefire-test-report-3.0.xsd" version="3.0" name="com.example.PetStoreTests" time="4.659" tests="2" errors="0" skipped="0" failures="0">
  <properties>
[...]
</properties>
  <testcase name="getAvailablePetsAndVerifyResponse" classname="com.example.PetStoreTests" time="2.904"/>
  <testcase name="addNewPetAndVerifyResponse" classname="com.example.PetStoreTests" time="1.226">
    <system-out><![CDATA[New Pet created with ID: 1747315792564
]]></system-out>
  </testcase>
</testsuite>